2025-01-28 22:00:20 - Starting system monitoring...
2025-01-28 22:00:20 - Logging CPU, Memory, and Disk activity...
2025-01-28 22:00:22 - CPU: 43.1% (Cores: [53.6, 50.0, 52.2, 58.8, 51.5, 63.6, 21.2, 18.2]) | Memory: 12.41 GB/15.84 GB (78.4%) | Disk: Read: 1.49 KB/s (9.00 KB total) | Write: 239.04 KB/s (1.41 MB total)
2025-01-28 22:00:25 - CPU: 61.7% (Cores: [88.3, 67.6, 69.1, 77.3, 74.2, 73.5, 76.9, 72.3]) | Memory: 12.37 GB/15.84 GB (78.1%) | Disk: Read: 0.00 B/s (0.00 B total) | Write: 276.80 KB/s (849.00 KB total)
2025-01-28 22:00:28 - CPU: 30.5% (Cores: [88.4, 83.8, 92.5, 89.6, 89.7, 81.8, 73.9, 65.7]) | Memory: 12.40 GB/15.84 GB (78.3%) | Disk: Read: 0.00 B/s (0.00 B total) | Write: 720.36 KB/s (2.19 MB total)
2025-01-28 22:00:31 - CPU: 49.2% (Cores: [47.0, 40.6, 49.3, 29.7, 42.6, 28.1, 23.4, 18.5]) | Memory: 12.35 GB/15.84 GB (78.0%) | Disk: Read: 2.97 KB/s (9.00 KB total) | Write: 87.47 KB/s (265.00 KB total)
2025-01-28 22:00:34 - CPU: 30.0% (Cores: [39.7, 39.1, 50.0, 35.4, 24.6, 25.0, 0.0, 0.0]) | Memory: 12.40 GB/15.84 GB (78.3%) | Disk: Read: 112.24 KB/s (338.00 KB total) | Write: 218.83 KB/s (659.00 KB total)
2025-01-28 22:00:37 - CPU: 51.5% (Cores: [65.2, 48.5, 56.1, 53.0, 34.4, 27.0, 15.4, 10.8]) | Memory: 12.36 GB/15.84 GB (78.0%) | Disk: Read: 0.00 B/s (0.00 B total) | Write: 83.21 KB/s (251.50 KB total)
2025-01-28 22:00:40 - CPU: 24.2% (Cores: [31.2, 31.8, 36.4, 21.2, 31.2, 16.9, 0.0, 0.0]) | Memory: 12.37 GB/15.84 GB (78.1%) | Disk: Read: 0.00 B/s (0.00 B total) | Write: 112.85 KB/s (340.50 KB total)
2025-01-28 22:00:43 - CPU: 31.2% (Cores: [39.4, 32.3, 40.0, 40.0, 16.1, 11.3, 0.0, 0.0]) | Memory: 12.35 GB/15.84 GB (78.0%) | Disk: Read: 5.62 KB/s (17.00 KB total) | Write: 59.87 KB/s (181.00 KB total)
2025-01-28 22:00:46 - CPU: 30.6% (Cores: [70.0, 62.7, 74.6, 54.7, 57.6, 54.5, 36.9, 26.2]) | Memory: 12.30 GB/15.84 GB (77.7%) | Disk: Read: 0.00 B/s (0.00 B total) | Write: 246.48 KB/s (744.00 KB total)
2025-01-28 22:00:49 - CPU: 25.3% (Cores: [47.2, 21.5, 40.9, 28.1, 28.8, 20.3, 0.0, 0.0]) | Memory: 12.31 GB/15.84 GB (77.8%) | Disk: Read: 0.00 B/s (0.00 B total) | Write: 24.06 KB/s (72.50 KB total)
2025-01-28 22:00:52 - CPU: 36.2% (Cores: [38.2, 34.8, 32.8, 32.8, 61.2, 26.6, 18.5, 13.8]) | Memory: 12.33 GB/15.84 GB (77.9%) | Disk: Read: 24.26 KB/s (73.00 KB total) | Write: 77.92 KB/s (234.50 KB total)
2025-01-28 22:00:55 - CPU: 36.4% (Cores: [70.0, 57.1, 70.8, 56.1, 56.9, 49.2, 46.9, 27.0]) | Memory: 12.35 GB/15.84 GB (78.0%) | Disk: Read: 0.00 B/s (0.00 B total) | Write: 24.21 KB/s (73.00 KB total)
2025-01-28 22:00:58 - CPU: 54.3% (Cores: [66.7, 45.5, 51.6, 37.5, 50.0, 45.3, 41.5, 35.4]) | Memory: 12.38 GB/15.84 GB (78.1%) | Disk: Read: 0.00 B/s (0.00 B total) | Write: 40.84 KB/s (124.00 KB total)
2025-01-28 22:01:01 - CPU: 50.6% (Cores: [49.3, 31.2, 49.3, 33.8, 34.4, 34.4, 7.8, 4.7]) | Memory: 12.36 GB/15.84 GB (78.1%) | Disk: Read: 2.98 KB/s (9.00 KB total) | Write: 117.41 KB/s (354.50 KB total)
2025-01-28 22:01:04 - CPU: 31.5% (Cores: [50.0, 31.2, 40.6, 40.0, 40.6, 18.8, 0.0, 0.0]) | Memory: 12.38 GB/15.84 GB (78.2%) | Disk: Read: 0.00 B/s (0.00 B total) | Write: 71.28 KB/s (214.50 KB total)
2025-01-28 22:01:07 - CPU: 49.2% (Cores: [66.7, 32.3, 56.2, 48.5, 56.9, 44.6, 42.2, 45.3]) | Memory: 12.39 GB/15.84 GB (78.2%) | Disk: Read: 0.00 B/s (0.00 B total) | Write: 27.73 KB/s (83.50 KB total)
2025-01-28 22:01:10 - CPU: 17.9% (Cores: [37.5, 24.6, 29.2, 41.5, 26.2, 28.1, 0.0, 0.0]) | Memory: 12.39 GB/15.84 GB (78.3%) | Disk: Read: 0.00 B/s (0.00 B total) | Write: 88.90 KB/s (267.50 KB total)
2025-01-28 22:01:13 - CPU: 26.0% (Cores: [24.2, 25.0, 32.3, 19.7, 6.3, 4.8, 0.0, 0.0]) | Memory: 12.36 GB/15.84 GB (78.1%) | Disk: Read: 2.99 KB/s (9.00 KB total) | Write: 638.16 KB/s (1.88 MB total)
2025-01-28 22:01:16 - CPU: 23.5% (Cores: [24.6, 25.0, 21.5, 21.9, 23.4, 21.2, 0.0, 0.0]) | Memory: 12.38 GB/15.84 GB (78.2%) | Disk: Read: 0.00 B/s (0.00 B total) | Write: 477.16 KB/s (1.41 MB total)
2025-01-28 22:01:19 - CPU: 35.9% (Cores: [60.3, 39.1, 51.5, 66.7, 44.6, 48.5, 41.3, 40.6]) | Memory: 12.41 GB/15.84 GB (78.4%) | Disk: Read: 335.68 KB/s (1013.50 KB total) | Write: 368.80 KB/s (1.09 MB total)
2025-01-28 22:01:22 - CPU: 85.1% (Cores: [53.0, 54.5, 64.6, 47.7, 55.4, 45.3, 72.3, 43.8]) | Memory: 12.49 GB/15.84 GB (78.9%) | Disk: Read: 2.63 MB/s (7.92 MB total) | Write: 236.59 KB/s (712.00 KB total)
2025-01-28 22:01:25 - CPU: 20.0% (Cores: [62.7, 18.8, 33.8, 25.0, 27.3, 20.0, 9.2, 0.0]) | Memory: 12.46 GB/15.84 GB (78.7%) | Disk: Read: 5.98 KB/s (18.00 KB total) | Write: 37.89 KB/s (114.00 KB total)
2025-01-28 22:01:28 - CPU: 37.8% (Cores: [49.2, 23.4, 36.4, 29.7, 37.9, 21.9, 40.0, 26.6]) | Memory: 12.49 GB/15.84 GB (78.9%) | Disk: Read: 472.74 KB/s (1.40 MB total) | Write: 153.41 KB/s (466.00 KB total)
2025-01-28 22:01:31 - CPU: 37.2% (Cores: [88.1, 78.8, 90.9, 80.3, 58.2, 58.8, 39.7, 39.4]) | Memory: 12.47 GB/15.84 GB (78.7%) | Disk: Read: 62.19 KB/s (188.00 KB total) | Write: 91.96 KB/s (278.00 KB total)
2025-01-28 22:01:34 - CPU: 53.9% (Cores: [61.8, 47.7, 63.1, 50.0, 65.7, 49.3, 60.3, 42.4]) | Memory: 12.53 GB/15.84 GB (79.1%) | Disk: Read: 67.57 KB/s (204.00 KB total) | Write: 1.01 MB/s (3.04 MB total)
2025-01-28 22:01:38 - CPU: 34.9% (Cores: [58.2, 40.3, 62.5, 35.4, 56.2, 40.0, 50.8, 43.1]) | Memory: 12.59 GB/15.84 GB (79.5%) | Disk: Read: -2508321.36 B/s (-7650816.00 B total) | Write: 929.13 KB/s (2.77 MB total)
2025-01-28 22:01:41 - CPU: 28.1% (Cores: [42.0, 45.3, 58.5, 37.5, 43.1, 33.8, 20.0, 21.5]) | Memory: 12.54 GB/15.84 GB (79.2%) | Disk: Read: 8.97 KB/s (27.00 KB total) | Write: 194.36 KB/s (585.00 KB total)
2025-01-28 22:01:44 - CPU: 21.7% (Cores: [18.8, 31.2, 41.5, 26.2, 21.5, 7.7, 0.0, 0.0]) | Memory: 12.51 GB/15.84 GB (79.0%) | Disk: Read: 2.98 KB/s (9.00 KB total) | Write: 119.25 KB/s (360.00 KB total)
2025-01-28 22:01:47 - CPU: 31.0% (Cores: [50.8, 29.7, 68.8, 34.4, 35.4, 40.6, 0.0, 0.0]) | Memory: 12.49 GB/15.84 GB (78.9%) | Disk: Read: 10.64 KB/s (32.00 KB total) | Write: 1.28 MB/s (3.86 MB total)
2025-01-28 22:01:50 - CPU: 39.1% (Cores: [45.5, 44.8, 37.3, 33.8, 27.7, 37.9, 9.2, 7.7]) | Memory: 12.42 GB/15.84 GB (78.4%) | Disk: Read: 23.91 KB/s (72.00 KB total) | Write: 410.26 KB/s (1.21 MB total)
2025-01-28 22:01:53 - CPU: 48.7% (Cores: [75.7, 43.1, 49.2, 40.3, 56.9, 42.2, 53.1, 38.5]) | Memory: 12.40 GB/15.84 GB (78.3%) | Disk: Read: 2.98 KB/s (9.00 KB total) | Write: 58.52 KB/s (176.50 KB total)
2025-01-28 22:01:56 - CPU: 83.0% (Cores: [60.9, 67.1, 63.1, 50.7, 59.4, 54.5, 54.7, 50.0]) | Memory: 12.45 GB/15.84 GB (78.6%) | Disk: Read: 0.00 B/s (0.00 B total) | Write: 92.06 KB/s (278.00 KB total)
2025-01-28 22:01:59 - CPU: 52.7% (Cores: [52.1, 47.0, 42.4, 43.1, 49.2, 35.4, 29.7, 34.4]) | Memory: 12.45 GB/15.84 GB (78.6%) | Disk: Read: 0.00 B/s (0.00 B total) | Write: 420.79 KB/s (1.24 MB total)
2025-01-28 22:02:02 - CPU: 33.7% (Cores: [34.8, 32.8, 41.5, 23.4, 27.0, 24.2, 11.1, 10.9]) | Memory: 12.41 GB/15.84 GB (78.4%) | Disk: Read: 2.98 KB/s (9.00 KB total) | Write: 18.23 KB/s (55.00 KB total)
2025-01-28 22:02:05 - CPU: 32.4% (Cores: [59.4, 25.0, 65.7, 38.5, 58.2, 35.4, 29.9, 29.2]) | Memory: 12.42 GB/15.84 GB (78.4%) | Disk: Read: 15.94 KB/s (48.00 KB total) | Write: 273.03 KB/s (822.00 KB total)
2025-01-28 22:02:08 - CPU: 32.7% (Cores: [52.2, 52.3, 61.5, 48.5, 40.6, 44.8, 1.5, 0.0]) | Memory: 12.43 GB/15.84 GB (78.5%) | Disk: Read: 0.00 B/s (0.00 B total) | Write: 303.68 KB/s (915.00 KB total)
2025-01-28 22:02:11 - CPU: 26.2% (Cores: [47.8, 35.9, 52.3, 39.1, 43.9, 24.2, 0.0, 0.0]) | Memory: 12.42 GB/15.84 GB (78.4%) | Disk: Read: 0.00 B/s (0.00 B total) | Write: 127.10 KB/s (393.50 KB total)
2025-01-28 22:02:14 - CPU: 28.9% (Cores: [35.4, 13.8, 31.8, 21.5, 20.6, 41.3, 4.8, 3.2]) | Memory: 12.40 GB/15.84 GB (78.3%) | Disk: Read: 2.98 KB/s (9.00 KB total) | Write: 103.24 KB/s (311.50 KB total)
2025-01-28 22:02:17 - CPU: 37.0% (Cores: [58.3, 31.9, 51.5, 42.2, 52.3, 35.9, 32.8, 28.6]) | Memory: 12.41 GB/15.84 GB (78.4%) | Disk: Read: 0.00 B/s (0.00 B total) | Write: 21.48 KB/s (65.00 KB total)
2025-01-28 22:02:20 - CPU: 32.6% (Cores: [58.1, 33.8, 52.3, 40.6, 45.3, 32.8, 40.0, 26.6]) | Memory: 12.40 GB/15.84 GB (78.3%) | Disk: Read: 0.00 B/s (0.00 B total) | Write: 614.17 KB/s (1.81 MB total)
2025-01-28 22:02:23 - CPU: 37.7% (Cores: [68.8, 56.5, 64.7, 51.5, 67.2, 53.0, 62.3, 47.0]) | Memory: 12.46 GB/15.84 GB (78.7%) | Disk: Read: 2.95 KB/s (9.00 KB total) | Write: 45.73 KB/s (139.50 KB total)
2025-01-28 22:02:26 - CPU: 63.9% (Cores: [50.0, 40.6, 43.1, 36.9, 27.7, 15.4, 0.0, 0.0]) | Memory: 12.45 GB/15.84 GB (78.6%) | Disk: Read: 0.00 B/s (0.00 B total) | Write: 116.88 KB/s (355.00 KB total)
2025-01-28 22:02:29 - CPU: 53.9% (Cores: [62.0, 56.9, 60.0, 65.2, 63.1, 51.6, 25.0, 30.8]) | Memory: 12.47 GB/15.84 GB (78.7%) | Disk: Read: 0.00 B/s (0.00 B total) | Write: 95.84 KB/s (289.00 KB total)
2025-01-28 22:02:32 - CPU: 54.4% (Cores: [58.9, 50.0, 47.7, 63.1, 46.9, 39.1, 30.6, 39.7]) | Memory: 12.43 GB/15.84 GB (78.5%) | Disk: Read: 2.99 KB/s (9.00 KB total) | Write: 43.37 KB/s (130.50 KB total)
2025-01-28 22:02:35 - CPU: 46.7% (Cores: [77.8, 75.4, 60.0, 68.8, 57.1, 56.2, 18.5, 26.2]) | Memory: 12.42 GB/15.84 GB (78.4%) | Disk: Read: 0.00 B/s (0.00 B total) | Write: 164.45 KB/s (495.50 KB total)
2025-01-28 22:02:38 - CPU: 40.7% (Cores: [47.8, 46.9, 50.8, 33.8, 45.3, 38.5, 12.3, 3.1]) | Memory: 12.46 GB/15.84 GB (78.7%) | Disk: Read: 0.00 B/s (0.00 B total) | Write: 57.64 KB/s (173.50 KB total)
2025-01-28 22:02:41 - CPU: 36.8% (Cores: [77.5, 55.2, 63.6, 55.4, 58.2, 53.8, 59.4, 40.3]) | Memory: 12.41 GB/15.84 GB (78.4%) | Disk: Read: 2.99 KB/s (9.00 KB total) | Write: 85.25 KB/s (257.00 KB total)
2025-01-28 22:02:44 - CPU: 70.0% (Cores: [57.6, 46.9, 58.5, 53.8, 47.7, 43.8, 32.3, 42.2]) | Memory: 12.45 GB/15.84 GB (78.6%) | Disk: Read: 0.00 B/s (0.00 B total) | Write: 108.54 KB/s (336.50 KB total)
2025-01-28 22:02:47 - CPU: 39.3% (Cores: [81.1, 57.8, 71.0, 61.5, 65.2, 53.1, 31.2, 35.9]) | Memory: 12.46 GB/15.84 GB (78.7%) | Disk: Read: 0.00 B/s (0.00 B total) | Write: 105.82 KB/s (319.00 KB total)
2025-01-28 22:02:50 - CPU: 83.1% (Cores: [100.0, 100.0, 100.0, 100.0, 100.0, 100.0, 100.0, 100.0]) | Memory: 13.00 GB/15.84 GB (82.1%) | Disk: Read: 8.25 MB/s (26.49 MB total) | Write: 8.80 MB/s (28.26 MB total)
2025-01-28 22:02:54 - CPU: 100.0% (Cores: [100.0, 100.0, 100.0, 100.0, 100.0, 100.0, 100.0, 100.0]) | Memory: 13.35 GB/15.84 GB (84.3%) | Disk: Read: 3.20 MB/s (10.89 MB total) | Write: 6.85 MB/s (23.27 MB total)
2025-01-28 22:02:57 - CPU: 100.0% (Cores: [100.0, 98.5, 100.0, 98.5, 100.0, 98.5, 100.0, 100.0]) | Memory: 13.60 GB/15.84 GB (85.9%) | Disk: Read: 2.05 MB/s (6.24 MB total) | Write: 4.40 MB/s (13.38 MB total)
2025-01-28 22:03:00 - CPU: 98.3% (Cores: [100.0, 100.0, 100.0, 100.0, 100.0, 100.0, 100.0, 100.0]) | Memory: 13.65 GB/15.84 GB (86.2%) | Disk: Read: 300.19 KB/s (914.50 KB total) | Write: 1.18 MB/s (3.59 MB total)
2025-01-28 22:03:03 - CPU: 81.6% (Cores: [82.6, 70.3, 76.6, 80.3, 89.1, 72.3, 77.6, 71.2]) | Memory: 13.77 GB/15.84 GB (86.9%) | Disk: Read: 267.57 KB/s (810.00 KB total) | Write: 888.09 KB/s (2.63 MB total)
2025-01-28 22:03:06 - CPU: 43.0% (Cores: [54.8, 41.5, 36.9, 63.6, 46.9, 43.8, 29.7, 28.1]) | Memory: 13.71 GB/15.84 GB (86.6%) | Disk: Read: 21.20 KB/s (64.00 KB total) | Write: 1.24 MB/s (3.76 MB total)
2025-01-28 22:03:09 - CPU: 35.8% (Cores: [43.1, 50.8, 41.5, 30.3, 32.8, 33.8, 4.8, 0.0]) | Memory: 13.72 GB/15.84 GB (86.7%) | Disk: Read: 11.96 KB/s (36.00 KB total) | Write: 736.81 KB/s (2.17 MB total)
2025-01-28 22:03:12 - CPU: 48.3% (Cores: [58.0, 51.6, 62.5, 61.2, 53.8, 37.5, 67.2, 45.3]) | Memory: 13.72 GB/15.84 GB (86.6%) | Disk: Read: 8.26 KB/s (25.00 KB total) | Write: 150.90 KB/s (456.50 KB total)
2025-01-28 22:03:15 - CPU: 35.5% (Cores: [56.7, 43.8, 64.1, 57.6, 57.8, 53.8, 32.8, 34.4]) | Memory: 13.71 GB/15.84 GB (86.6%) | Disk: Read: 0.00 B/s (0.00 B total) | Write: 203.62 KB/s (613.00 KB total)
2025-01-28 22:03:18 - CPU: 54.1% (Cores: [44.8, 31.2, 51.5, 40.0, 26.2, 33.3, 3.2, 3.2]) | Memory: 13.73 GB/15.84 GB (86.7%) | Disk: Read: 7.89 MB/s (23.77 MB total) | Write: 198.62 KB/s (598.00 KB total)
2025-01-28 22:03:21 - CPU: 35.4% (Cores: [59.1, 32.8, 60.9, 48.4, 18.8, 17.2, 0.0, 0.0]) | Memory: 13.75 GB/15.84 GB (86.8%) | Disk: Read: 1.95 MB/s (5.88 MB total) | Write: 365.32 KB/s (1.08 MB total)
2025-01-28 22:03:24 - CPU: 59.1% (Cores: [67.7, 61.2, 47.0, 50.8, 54.7, 50.8, 46.0, 56.5]) | Memory: 13.67 GB/15.84 GB (86.3%) | Disk: Read: 2.64 KB/s (8.00 KB total) | Write: 685.40 KB/s (2.03 MB total)
2025-01-28 22:03:27 - CPU: 51.4% (Cores: [60.9, 61.5, 68.2, 50.8, 60.0, 64.2, 29.2, 30.8]) | Memory: 13.61 GB/15.84 GB (86.0%) | Disk: Read: 1.33 KB/s (4.00 KB total) | Write: 172.01 KB/s (517.50 KB total)
2025-01-28 22:03:30 - CPU: 44.4% (Cores: [48.5, 34.4, 55.4, 40.9, 42.4, 37.9, 0.0, 0.0]) | Memory: 13.60 GB/15.84 GB (85.9%) | Disk: Read: 31.69 KB/s (96.00 KB total) | Write: 262.11 KB/s (794.00 KB total)
2025-01-28 22:03:33 - CPU: 34.6% (Cores: [39.4, 43.1, 49.3, 41.5, 48.5, 41.8, 21.5, 16.9]) | Memory: 13.54 GB/15.84 GB (85.5%) | Disk: Read: 2.96 KB/s (9.00 KB total) | Write: 812.85 KB/s (2.42 MB total)
2025-01-28 22:03:36 - CPU: 45.2% (Cores: [45.7, 41.5, 60.9, 41.5, 46.2, 32.8, 48.5, 37.5]) | Memory: 13.51 GB/15.84 GB (85.3%) | Disk: Read: 21.25 KB/s (64.00 KB total) | Write: 322.17 KB/s (970.50 KB total)
2025-01-28 22:03:39 - CPU: 60.6% (Cores: [29.9, 27.7, 20.3, 26.6, 7.8, 9.4, 21.5, 0.0]) | Memory: 12.56 GB/15.84 GB (79.3%) | Disk: Read: 113.02 KB/s (340.00 KB total) | Write: 1.63 MB/s (4.90 MB total)
2025-01-28 22:03:42 - CPU: 72.0% (Cores: [40.0, 31.2, 50.0, 21.9, 40.0, 17.2, 32.8, 24.6]) | Memory: 12.39 GB/15.84 GB (78.3%) | Disk: Read: 124.55 KB/s (375.50 KB total) | Write: 794.07 KB/s (2.34 MB total)
2025-01-28 22:03:45 - CPU: 52.0% (Cores: [40.6, 21.5, 29.7, 23.4, 22.7, 29.7, 11.1, 14.1]) | Memory: 12.34 GB/15.84 GB (77.9%) | Disk: Read: 7.95 KB/s (24.00 KB total) | Write: 474.82 KB/s (1.40 MB total)
2025-01-28 22:03:48 - CPU: 23.6% (Cores: [34.3, 45.3, 53.8, 33.8, 20.3, 20.3, 7.9, 1.6]) | Memory: 12.33 GB/15.84 GB (77.9%) | Disk: Read: 82.45 KB/s (248.00 KB total) | Write: 288.39 KB/s (867.50 KB total)
2025-01-28 22:03:51 - CPU: 16.7% (Cores: [35.8, 45.3, 40.6, 39.1, 9.2, 10.8, 0.0, 0.0]) | Memory: 12.38 GB/15.84 GB (78.2%) | Disk: Read: 129.27 KB/s (389.00 KB total) | Write: 472.71 KB/s (1.39 MB total)
2025-01-28 22:03:54 - CPU: 62.2% (Cores: [68.1, 42.2, 64.2, 54.7, 46.9, 37.5, 29.2, 37.5]) | Memory: 12.37 GB/15.84 GB (78.1%) | Disk: Read: 1.32 KB/s (4.00 KB total) | Write: 193.36 KB/s (584.50 KB total)
2025-01-28 22:03:57 - CPU: 19.5% (Cores: [50.7, 45.5, 50.0, 52.3, 30.3, 30.3, 7.8, 7.8]) | Memory: 12.36 GB/15.84 GB (78.1%) | Disk: Read: 46.23 KB/s (140.00 KB total) | Write: 203.56 KB/s (616.50 KB total)
2025-01-28 22:04:00 - CPU: 16.4% (Cores: [26.5, 33.8, 31.2, 32.8, 0.0, 0.0, 0.0, 0.0]) | Memory: 12.38 GB/15.84 GB (78.2%) | Disk: Read: 21.26 KB/s (64.00 KB total) | Write: 319.71 KB/s (962.50 KB total)
2025-01-28 22:04:03 - CPU: 12.7% (Cores: [30.8, 23.1, 37.3, 21.5, 21.2, 21.2, 3.1, 7.7]) | Memory: 12.35 GB/15.84 GB (78.0%) | Disk: Read: 24.25 KB/s (73.00 KB total) | Write: 12.95 KB/s (39.00 KB total)
2025-01-28 22:04:06 - CPU: 42.9% (Cores: [63.4, 50.8, 63.6, 45.3, 50.0, 44.4, 43.9, 30.8]) | Memory: 12.32 GB/15.84 GB (77.8%) | Disk: Read: 7.97 KB/s (24.00 KB total) | Write: 37.68 KB/s (113.50 KB total)
2025-01-28 22:04:09 - CPU: 100.0% (Cores: [100.0, 100.0, 100.0, 100.0, 100.0, 100.0, 100.0, 100.0]) | Memory: 13.14 GB/15.84 GB (83.0%) | Disk: Read: 813.63 KB/s (2.63 MB total) | Write: 3.91 MB/s (12.96 MB total)
